
> nextn@0.1.0 dev
> next dev --turbopack -p 9002

   ▲ Next.js 15.3.3 (Turbopack)
   - Local:        http://localhost:9002
   - Network:      http://192.168.1.110:9002
   - Environments: .env.development.local, .env.local, .env.development

 ✓ Starting...
 ✓ Compiled middleware in 377ms
 ✓ Ready in 2.2s
 ⚠ Webpack is configured while Turbopack is not, which may cause problems.
 ⚠ See instructions if you need to configure Turbopack:
  https://nextjs.org/docs/app/api-reference/next-config-js/turbo

 ○ Compiling / ...
 ✓ Compiled / in 3.2s
 GET / 200 in 3707ms
 ○ Compiling /admin/login ...
 ✓ Compiled /admin/login in 1097ms
 GET /admin/login/ 200 in 1304ms
 ○ Compiling /favicon.ico ...
 ✓ Compiled /favicon.ico in 612ms
 GET /favicon.ico 200 in 894ms
 ✓ Compiled in 20ms
 GET /admin/login/ 200 in 835ms
 GET /favicon.ico 200 in 245ms
 GET /admin/login/ 200 in 128ms
 GET /favicon.ico 200 in 246ms
 ○ Compiling /admin/feedbacks ...
 ✓ Compiled /admin/feedbacks in 1020ms
 GET /admin/feedbacks/ 200 in 1058ms
 GET /admin/feedbacks/ 200 in 73ms
 ✓ Compiled middleware in 3ms
 GET /admin/feedbacks/ 200 in 190ms
 ✓ Compiled in 104ms
 GET /admin/feedbacks/ 200 in 73ms
 ✓ Compiled / in 30ms
 GET / 200 in 475ms
 ✓ Compiled in 24ms
 ✓ Compiled in 101ms
 ✓ Compiled in 20ms
[?25h
